<?xml version="1.0" encoding="UTF-8"?>
<!-- Generated by org.testng.reporters.JUnitReportReporter -->
<testsuite hostname="DESKTOP-4K4NBNI" failures="0" tests="1" name="PracticeProgram.A7_INR_optionsvalidation" time="0.267" errors="0" timestamp="2023-06-14T07:44:41 IST" skipped="0">
  <testcase classname="PracticeProgram.A7_INR_optionsvalidation" name="options" time="0.267"/>
  <system-out/>
</testsuite> <!-- PracticeProgram.A7_INR_optionsvalidation -->
