<?xml version="1.0" encoding="UTF-8"?>
<!-- Generated by org.testng.reporters.JUnitReportReporter -->
<testsuite hostname="DESKTOP-4K4NBNI" failures="0" tests="1" name="PracticeTestingB.B14_FlipkartGeneric" time="15.070" errors="0" timestamp="2023-06-17T21:28:12 IST" skipped="0">
  <testcase classname="PracticeTestingB.B14_FlipkartGeneric" name="clickable" time="15.070"/>
  <system-out/>
</testsuite> <!-- PracticeTestingB.B14_FlipkartGeneric -->
