<?xml version="1.0" encoding="UTF-8"?>
<!-- Generated by org.testng.reporters.JUnitReportReporter -->
<testsuite hostname="DESKTOP-4K4NBNI" failures="0" tests="3" name="PracticeProgram.A4_Information_Commands" time="9.109" errors="0" timestamp="2023-06-12T17:53:34 IST" skipped="0">
  <testcase classname="PracticeProgram.A4_Information_Commands" name="gmail" time="3.057"/>
  <system-out/>
  <testcase classname="PracticeProgram.A4_Information_Commands" name="google_image" time="3.026"/>
  <system-out/>
  <testcase classname="PracticeProgram.A4_Information_Commands" name="searchbutton" time="3.026"/>
  <system-out/>
</testsuite> <!-- PracticeProgram.A4_Information_Commands -->
