<?xml version="1.0" encoding="UTF-8"?>
<!-- Generated by org.testng.reporters.JUnitReportReporter -->
<testsuite hostname="DESKTOP-4K4NBNI" failures="0" tests="1" name="PracticeProgramA.A2_MouseOverActions" time="6.236" errors="0" timestamp="2023-06-19T06:35:19 IST" skipped="0">
  <testcase classname="PracticeProgramA.A2_MouseOverActions" name="MouseOver" time="6.236"/>
  <system-out/>
</testsuite> <!-- PracticeProgramA.A2_MouseOverActions -->
