<?xml version="1.0" encoding="UTF-8"?>
<!-- Generated by org.testng.reporters.JUnitReportReporter -->
<testsuite hostname="DESKTOP-4K4NBNI" failures="0" tests="1" name="PracticeProgram.Screenshot" time="6.610" errors="0" timestamp="2023-06-12T18:19:23 IST" skipped="0">
  <testcase classname="PracticeProgram.Screenshot" name="alertscreen" time="6.610"/>
  <system-out/>
</testsuite> <!-- PracticeProgram.Screenshot -->
