<?xml version="1.0" encoding="UTF-8"?>
<!-- Generated by org.testng.reporters.JUnitReportReporter -->
<testsuite hostname="DESKTOP-4K4NBNI" failures="0" tests="1" name="PracticeProgram.MouseOverActions" time="6.248" errors="0" timestamp="2023-06-10T20:37:21 IST" skipped="0">
  <testcase classname="PracticeProgram.MouseOverActions" name="MouseOver" time="6.248"/>
  <system-out/>
</testsuite> <!-- PracticeProgram.MouseOverActions -->
