<?xml version="1.0" encoding="UTF-8"?>
<!-- Generated by org.testng.reporters.JUnitReportReporter -->
<testsuite hostname="DESKTOP-4K4NBNI" failures="0" tests="1" name="PracticeProgram.Firstselectedoption" time="0.126" errors="0" timestamp="2023-06-12T18:08:10 IST" skipped="0">
  <testcase classname="PracticeProgram.Firstselectedoption" name="optionss" time="0.126"/>
  <system-out/>
</testsuite> <!-- PracticeProgram.Firstselectedoption -->
