<?xml version="1.0" encoding="UTF-8"?>
<!-- Generated by org.testng.reporters.JUnitReportReporter -->
<testsuite hostname="DESKTOP-4K4NBNI" failures="0" tests="1" name="PracticeProgramA.A7_INR_optionsvalidation" time="0.499" errors="0" timestamp="2023-06-19T09:38:49 IST" skipped="0">
  <testcase classname="PracticeProgramA.A7_INR_optionsvalidation" name="options" time="0.499"/>
  <system-out/>
</testsuite> <!-- PracticeProgramA.A7_INR_optionsvalidation -->
