<?xml version="1.0" encoding="UTF-8"?>
<!-- Generated by org.testng.reporters.JUnitReportReporter -->
<testsuite hostname="DESKTOP-4K4NBNI" failures="0" tests="1" name="PracticeProgram.A2_MouseOverActions" time="6.302" errors="0" timestamp="2023-06-12T17:05:40 IST" skipped="0">
  <testcase classname="PracticeProgram.A2_MouseOverActions" name="MouseOver" time="6.302"/>
  <system-out/>
</testsuite> <!-- PracticeProgram.A2_MouseOverActions -->
