<?xml version="1.0" encoding="UTF-8"?>
<!-- Generated by org.testng.reporters.JUnitReportReporter -->
<testsuite hostname="DESKTOP-4K4NBNI" failures="0" tests="1" name="PracticeTestingB.B18_DataDriven" time="13.904" errors="0" timestamp="2023-06-19T09:38:49 IST" skipped="0">
  <testcase classname="PracticeTestingB.B18_DataDriven" name="data" time="13.904"/>
  <system-out/>
</testsuite> <!-- PracticeTestingB.B18_DataDriven -->
