<?xml version="1.0" encoding="UTF-8"?>
<!-- Generated by org.testng.reporters.JUnitReportReporter -->
<testsuite hostname="DESKTOP-4K4NBNI" failures="0" tests="1" name="PracticeProgramA.A1_Alerts" time="3.134" errors="0" timestamp="2023-06-19T09:38:49 IST" skipped="0">
  <testcase classname="PracticeProgramA.A1_Alerts" name="HandlingAlerts" time="3.134"/>
  <system-out/>
</testsuite> <!-- PracticeProgramA.A1_Alerts -->
