<?xml version="1.0" encoding="UTF-8"?>
<!-- Generated by org.testng.reporters.JUnitReportReporter -->
<testsuite hostname="DESKTOP-4K4NBNI" failures="0" tests="1" name="PracticeProgram.A8_Boolean_Oneway" time="3.346" errors="0" timestamp="2023-06-12T16:03:37 IST" skipped="0">
  <testcase classname="PracticeProgram.A8_Boolean_Oneway" name="options" time="3.346"/>
  <system-out/>
</testsuite> <!-- PracticeProgram.A8_Boolean_Oneway -->
