<?xml version="1.0" encoding="UTF-8"?>
<!-- Generated by org.testng.reporters.JUnitReportReporter -->
<testsuite hostname="DESKTOP-4K4NBNI" failures="0" tests="1" name="PracticeProgram.Popupwindow" time="32.683" errors="0" timestamp="2023-06-10T21:04:15 IST" skipped="0">
  <testcase classname="PracticeProgram.Popupwindow" name="windowpopup" time="32.683"/>
  <system-out/>
</testsuite> <!-- PracticeProgram.Popupwindow -->
