<?xml version="1.0" encoding="UTF-8"?>
<!-- Generated by org.testng.reporters.JUnitReportReporter -->
<testsuite hostname="DESKTOP-4K4NBNI" failures="0" tests="1" name="PracticeTestingB.B13_Assert_Verify2" time="0.205" errors="0" timestamp="2023-06-15T19:14:34 IST" skipped="0">
  <testcase classname="PracticeTestingB.B13_Assert_Verify2" name="Assert_Verify2" time="0.205"/>
  <system-out/>
</testsuite> <!-- PracticeTestingB.B13_Assert_Verify2 -->
