<?xml version="1.0" encoding="UTF-8"?>
<!-- Generated by org.testng.reporters.JUnitReportReporter -->
<testsuite hostname="DESKTOP-4K4NBNI" failures="0" tests="1" name="PracticeTestingB.B17_Ajaxcontrol" time="12.551" errors="0" timestamp="2023-06-17T21:35:36 IST" skipped="0">
  <testcase classname="PracticeTestingB.B17_Ajaxcontrol" name="clickable" time="12.551"/>
  <system-out/>
</testsuite> <!-- PracticeTestingB.B17_Ajaxcontrol -->
