<?xml version="1.0" encoding="UTF-8"?>
<!-- Generated by org.testng.reporters.JUnitReportReporter -->
<testsuite hostname="DESKTOP-4K4NBNI" failures="0" tests="1" name="PracticeTestingB.B15_Frames" time="3.922" errors="0" timestamp="2023-06-19T09:38:49 IST" skipped="0">
  <testcase classname="PracticeTestingB.B15_Frames" name="clickable" time="3.922"/>
  <system-out/>
</testsuite> <!-- PracticeTestingB.B15_Frames -->
