<?xml version="1.0" encoding="UTF-8"?>
<!-- Generated by org.testng.reporters.JUnitReportReporter -->
<testsuite hostname="DESKTOP-4K4NBNI" failures="0" tests="1" name="PracticeProgram.Alerts" time="3.084" errors="0" timestamp="2023-06-10T20:30:08 IST" skipped="0">
  <testcase classname="PracticeProgram.Alerts" name="HandlingAlerts" time="3.084"/>
  <system-out/>
</testsuite> <!-- PracticeProgram.Alerts -->
