<?xml version="1.0" encoding="UTF-8"?>
<!-- Generated by org.testng.reporters.JUnitReportReporter -->
<testsuite hostname="DESKTOP-4K4NBNI" failures="0" tests="3" name="PracticeProgram.Information_Commands" time="9.076" errors="0" timestamp="2023-06-08T03:15:31 IST" skipped="0">
  <testcase classname="PracticeProgram.Information_Commands" name="gmail" time="3.038"/>
  <system-out/>
  <testcase classname="PracticeProgram.Information_Commands" name="google_image" time="3.021"/>
  <system-out/>
  <testcase classname="PracticeProgram.Information_Commands" name="searchbutton" time="3.017"/>
  <system-out/>
</testsuite> <!-- PracticeProgram.Information_Commands -->
