<?xml version="1.0" encoding="UTF-8"?>
<!-- Generated by org.testng.reporters.JUnitReportReporter -->
<testsuite hostname="DESKTOP-4K4NBNI" failures="0" tests="1" name="PracticeProgram.A1_Alerts" time="3.191" errors="0" timestamp="2023-06-12T16:51:31 IST" skipped="0">
  <testcase classname="PracticeProgram.A1_Alerts" name="HandlingAlerts" time="3.191"/>
  <system-out/>
</testsuite> <!-- PracticeProgram.A1_Alerts -->
