<?xml version="1.0" encoding="UTF-8"?>
<!-- Generated by org.testng.reporters.JUnitReportReporter -->
<testsuite hostname="DESKTOP-4K4NBNI" failures="0" tests="1" name="PracticeProgram.A9_Enhancing_StudentQAForm" time="70.575" errors="0" timestamp="2023-06-13T16:25:18 IST" skipped="0">
  <testcase classname="PracticeProgram.A9_Enhancing_StudentQAForm" name="StudentForm" time="70.575"/>
  <system-out/>
</testsuite> <!-- PracticeProgram.A9_Enhancing_StudentQAForm -->
