<?xml version="1.0" encoding="UTF-8"?>
<!-- Generated by org.testng.reporters.JUnitReportReporter -->
<testsuite hostname="DESKTOP-4K4NBNI" failures="0" tests="1" name="PracticeTestingB.B20_ScrollBar_Element" time="0.065" errors="0" timestamp="2023-06-15T23:03:22 IST" skipped="0">
  <testcase classname="PracticeTestingB.B20_ScrollBar_Element" name="Scrollflow" time="0.065"/>
  <system-out/>
</testsuite> <!-- PracticeTestingB.B20_ScrollBar_Element -->
