<?xml version="1.0" encoding="UTF-8"?>
<!-- Generated by org.testng.reporters.JUnitReportReporter -->
<testsuite hostname="DESKTOP-4K4NBNI" failures="0" tests="1" name="PracticeProgram.A3_Popupwindow" time="32.424" errors="0" timestamp="2023-06-12T17:34:30 IST" skipped="0">
  <testcase classname="PracticeProgram.A3_Popupwindow" name="Windowpopup" time="32.424"/>
  <system-out/>
</testsuite> <!-- PracticeProgram.A3_Popupwindow -->
